[debug] [2019-09-12T15:23:19.227Z] ----------------------------------------------------------------------
[debug] [2019-09-12T15:23:19.229Z] Command:       /usr/local/Cellar/node/12.5.0/bin/node /usr/local/bin/firebase serve
[debug] [2019-09-12T15:23:19.229Z] CLI Version:   7.3.2
[debug] [2019-09-12T15:23:19.229Z] Platform:      darwin
[debug] [2019-09-12T15:23:19.229Z] Node Version:  v12.5.0
[debug] [2019-09-12T15:23:19.230Z] Time:          Thu Sep 12 2019 10:23:19 GMT-0500 (Central Daylight Time)
[debug] [2019-09-12T15:23:19.230Z] ----------------------------------------------------------------------
[debug] 
[debug] [2019-09-12T15:23:19.236Z] > command requires scopes: ["email","openid","https://www.googleapis.com/auth/cloudplatformprojects.readonly","https://www.googleapis.com/auth/firebase","https://www.googleapis.com/auth/cloud-platform"]
[debug] [2019-09-12T15:23:19.236Z] > authorizing via signed-in user
[debug] [2019-09-12T15:23:19.236Z] [iam] checking project ecommerce-9bf84 for permissions ["firebase.projects.get"]
[debug] [2019-09-12T15:23:19.237Z] >>> HTTP REQUEST POST https://cloudresourcemanager.googleapis.com/v1/projects/ecommerce-9bf84:testIamPermissions  

[debug] [2019-09-12T15:23:19.592Z] <<< HTTP RESPONSE 200
[debug] [2019-09-12T15:23:19.593Z] >>> HTTP REQUEST GET https://firebase.googleapis.com/v1beta1/projects/ecommerce-9bf84  
 
[debug] [2019-09-12T15:23:19.862Z] <<< HTTP RESPONSE 200
[info] 
[info] === Serving from '/Users/FW_Digital_Media/Documents/git/Simple-React-Projects/ecommerce'...
[info] 
[debug] [2019-09-12T15:23:19.863Z] >>> HTTP REQUEST GET https://firebase.googleapis.com/v1beta1/projects/ecommerce-9bf84/webApps/-/config  
 
[debug] [2019-09-12T15:23:20.234Z] <<< HTTP RESPONSE 200
[info] i  hosting: Serving hosting files from: public
[info] ✔  hosting: Local server: http://localhost:5000
